<?xml version="1.0" encoding="UTF-8"?>
<testsuite name="com.newsletter.NewsletterApplicationTests" tests="1" skipped="0" failures="0" errors="0" timestamp="2018-09-12T11:19:27" hostname="Nisums-MacBook-Pro.local" time="0.193">
  <properties/>
  <testcase name="contextLoads" classname="com.newsletter.NewsletterApplicationTests" time="0.193"/>
  <system-out><![CDATA[16:49:17.838 [Test worker] DEBUG org.springframework.test.context.junit4.SpringJUnit4ClassRunner - SpringJUnit4ClassRunner constructor called with [class com.newsletter.NewsletterApplicationTests]
16:49:17.856 [Test worker] DEBUG org.springframework.test.context.BootstrapUtils - Instantiating CacheAwareContextLoaderDelegate from class [org.springframework.test.context.cache.DefaultCacheAwareContextLoaderDelegate]
16:49:17.876 [Test worker] DEBUG org.springframework.test.context.BootstrapUtils - Instantiating BootstrapContext using constructor [public org.springframework.test.context.support.DefaultBootstrapContext(java.lang.Class,org.springframework.test.context.CacheAwareContextLoaderDelegate)]
16:49:17.922 [Test worker] DEBUG org.springframework.test.context.BootstrapUtils - Instantiating TestContextBootstrapper for test class [com.newsletter.NewsletterApplicationTests] from class [org.springframework.boot.test.context.SpringBootTestContextBootstrapper]
16:49:17.966 [Test worker] INFO org.springframework.boot.test.context.SpringBootTestContextBootstrapper - Neither @ContextConfiguration nor @ContextHierarchy found for test class [com.newsletter.NewsletterApplicationTests], using SpringBootContextLoader
16:49:17.975 [Test worker] DEBUG org.springframework.test.context.support.AbstractContextLoader - Did not detect default resource location for test class [com.newsletter.NewsletterApplicationTests]: class path resource [com/newsletter/NewsletterApplicationTests-context.xml] does not exist
16:49:17.975 [Test worker] DEBUG org.springframework.test.context.support.AbstractContextLoader - Did not detect default resource location for test class [com.newsletter.NewsletterApplicationTests]: class path resource [com/newsletter/NewsletterApplicationTestsContext.groovy] does not exist
16:49:17.976 [Test worker] INFO org.springframework.test.context.support.AbstractContextLoader - Could not detect default resource locations for test class [com.newsletter.NewsletterApplicationTests]: no resource found for suffixes {-context.xml, Context.groovy}.
16:49:17.978 [Test worker] INFO org.springframework.test.context.support.AnnotationConfigContextLoaderUtils - Could not detect default configuration classes for test class [com.newsletter.NewsletterApplicationTests]: NewsletterApplicationTests does not declare any static, non-private, non-final, nested classes annotated with @Configuration.
16:49:18.042 [Test worker] DEBUG org.springframework.test.context.support.ActiveProfilesUtils - Could not find an 'annotation declaring class' for annotation type [org.springframework.test.context.ActiveProfiles] and class [com.newsletter.NewsletterApplicationTests]
16:49:18.055 [Test worker] DEBUG org.springframework.core.env.StandardEnvironment - Adding PropertySource 'systemProperties' with lowest search precedence
16:49:18.055 [Test worker] DEBUG org.springframework.core.env.StandardEnvironment - Adding PropertySource 'systemEnvironment' with lowest search precedence
16:49:18.057 [Test worker] DEBUG org.springframework.core.env.StandardEnvironment - Initialized StandardEnvironment with PropertySources [MapPropertySource@31721116 {name='systemProperties', properties={java.runtime.name=OpenJDK Runtime Environment, sun.boot.library.path=/Users/nisum/.sdkman/candidates/java/8.0.181-zulu/jre/lib, java.vm.version=25.181-b02, gopherProxySet=false, java.vm.vendor=Azul Systems, Inc., java.vendor.url=http://www.azulsystems.com/, path.separator=:, java.vm.name=OpenJDK 64-Bit Server VM, file.encoding.pkg=sun.io, sun.java.launcher=SUN_STANDARD, user.country=US, sun.os.patch.level=unknown, java.vm.specification.name=Java Virtual Machine Specification, user.dir=/Users/nisum/Workspace/newsletter, java.runtime.version=1.8.0_181-b02, java.awt.graphicsenv=sun.awt.CGraphicsEnvironment, java.endorsed.dirs=/Users/nisum/.sdkman/candidates/java/8.0.181-zulu/jre/lib/endorsed, os.arch=x86_64, java.io.tmpdir=/var/folders/mk/hwqww2zx01q65v0k_s8h7zb00000gn/T/, line.separator=
, java.vm.specification.vendor=Oracle Corporation, user.variant=, os.name=Mac OS X, sun.jnu.encoding=UTF-8, java.library.path=/Users/nisum/Library/Java/Extensions:/Library/Java/Extensions:/Network/Library/Java/Extensions:/System/Library/Java/Extensions:/usr/lib/java:., java.specification.name=Java Platform API Specification, java.class.version=52.0, org.gradle.native=false, sun.management.compiler=HotSpot 64-Bit Tiered Compilers, os.version=10.12.6, user.home=/Users/nisum, user.timezone=Asia/Kolkata, java.awt.printerjob=sun.lwawt.macosx.CPrinterJob, file.encoding=UTF-8, java.specification.version=1.8, java.class.path=/Users/nisum/Workspace/newsletter/build/classes/java/test:/Users/nisum/Workspace/newsletter/build/resources/test:/Users/nisum/Workspace/newsletter/build/classes/java/main:/Users/nisum/Workspace/newsletter/build/resources/main:/Users/nisum/.gradle/caches/modules-2/files-2.1/org.springframework.boot/spring-boot-starter-mail/2.0.4.RELEASE/b779103d891782d13c910caef170a4c730ae2499/spring-boot-starter-mail-2.0.4.RELEASE.jar:/Users/nisum/.gradle/caches/modules-2/files-2.1/org.springframework.boot/spring-boot-starter-web/2.0.4.RELEASE/98d49e981ecf804da877d84259b7b0d1ec2fb6f6/spring-boot-starter-web-2.0.4.RELEASE.jar:/Users/nisum/.gradle/caches/modules-2/files-2.1/org.springframework.boot/spring-boot-starter-thymeleaf/2.0.4.RELEASE/2efe5275b5f69d82a6aef962bc1f044791d9259f/spring-boot-starter-thymeleaf-2.0.4.RELEASE.jar:/Users/nisum/.gradle/caches/modules-2/files-2.1/org.springframework.boot/spring-boot-devtools/2.0.4.RELEASE/f889fe31cfb4ddfa61e2b4637f9c2743bc0918dd/spring-boot-devtools-2.0.4.RELEASE.jar:/Users/nisum/.gradle/caches/modules-2/files-2.1/org.springframework.boot/spring-boot-starter-data-mongodb/2.0.4.RELEASE/3662b2df4cf1da1f09a80d3e6651e6797700f761/spring-boot-starter-data-mongodb-2.0.4.RELEASE.jar:/Users/nisum/.gradle/caches/modules-2/files-2.1/org.springframework.boot/spring-boot-starter-validation/2.0.4.RELEASE/6dc53d3c88543861f538d781f83feea1a59a41c/spring-boot-starter-validation-2.0.4.RELEASE.jar:/Users/nisum/.gradle/caches/modules-2/files-2.1/org.projectlombok/lombok/1.16.6/9d3a47307466b28632bf35f8972ae9d703879416/lombok-1.16.6.jar:/Users/nisum/.gradle/caches/modules-2/files-2.1/io.springfox/springfox-swagger2/2.0.1/bdd9100c86076ea95825d0e44c4a4241515670cc/springfox-swagger2-2.0.1.jar:/Users/nisum/.gradle/caches/modules-2/files-2.1/io.springfox/springfox-swagger-ui/2.0.2/d282bd0c0321614206438942246ed850ee5ecde9/springfox-swagger-ui-2.0.2.jar:/Users/nisum/.gradle/caches/modules-2/files-2.1/org.springframework.boot/spring-boot-starter-test/2.0.4.RELEASE/8f473705d2742b669f0318f10a956f94a93ba3d2/spring-boot-starter-test-2.0.4.RELEASE.jar:/Users/nisum/.gradle/caches/modules-2/files-2.1/org.springframework.boot/spring-boot-starter-json/2.0.4.RELEASE/c7afabf0d7c85db178da4ce0634e3bd2ddb0eb71/spring-boot-starter-json-2.0.4.RELEASE.jar:/Users/nisum/.gradle/caches/modules-2/files-2.1/org.springframework.boot/spring-boot-starter/2.0.4.RELEASE/ec46c63a2adeee40058eff1a6baefca13975dc94/spring-boot-starter-2.0.4.RELEASE.jar:/Users/nisum/.gradle/caches/modules-2/files-2.1/org.springframework/spring-context-support/5.0.8.RELEASE/5dcf539175f6c965bd878e4928db50e4c6c82014/spring-context-support-5.0.8.RELEASE.jar:/Users/nisum/.gradle/caches/modules-2/files-2.1/io.springfox/springfox-swagger-common/2.0.1/9be8556e652434445c88993ceb87df11d5c1a6aa/springfox-swagger-common-2.0.1.jar:/Users/nisum/.gradle/caches/modules-2/files-2.1/io.springfox/springfox-spring-web/2.0.2/e0e368a930eea784a55f87adcc4266949cc9bedf/springfox-spring-web-2.0.2.jar:/Users/nisum/.gradle/caches/modules-2/files-2.1/io.springfox/springfox-schema/2.0.2/68c7f9a1762733c723289cc85edd5b726c417ab1/springfox-schema-2.0.2.jar:/Users/nisum/.gradle/caches/modules-2/files-2.1/io.springfox/springfox-spi/2.0.2/78e48b1e0c2c5822e35407906181e0d3e613c50a/springfox-spi-2.0.2.jar:/Users/nisum/.gradle/caches/modules-2/files-2.1/io.springfox/springfox-core/2.0.2/f092720e5facaa604d8ee0d903a2384c10e5261a/springfox-core-2.0.2.jar:/Users/nisum/.gradle/caches/modules-2/files-2.1/org.springframework.hateoas/spring-hateoas/0.25.0.RELEASE/22d1abd575426709734ab83e7d81d6deb4addbf6/spring-hateoas-0.25.0.RELEASE.jar:/Users/nisum/.gradle/caches/modules-2/files-2.1/org.springframework/spring-webmvc/5.0.8.RELEASE/7e5fe57590ca8e4468e50fe1d92b0b67aa4a327a/spring-webmvc-5.0.8.RELEASE.jar:/Users/nisum/.gradle/caches/modules-2/files-2.1/org.springframework.boot/spring-boot-test-autoconfigure/2.0.4.RELEASE/8a2e3f31e607fdb08deda2f59263ce177f1c4310/spring-boot-test-autoconfigure-2.0.4.RELEASE.jar:/Users/nisum/.gradle/caches/modules-2/files-2.1/org.springframework.boot/spring-boot-autoconfigure/2.0.4.RELEASE/65cd1244d606acc02ab7bfc47a203a3fe2400dda/spring-boot-autoconfigure-2.0.4.RELEASE.jar:/Users/nisum/.gradle/caches/modules-2/files-2.1/org.springframework.boot/spring-boot-test/2.0.4.RELEASE/8a17fc3cf16b6d75f2ba132ade04409a670095de/spring-boot-test-2.0.4.RELEASE.jar:/Users/nisum/.gradle/caches/modules-2/files-2.1/org.springframework.boot/spring-boot/2.0.4.RELEASE/c8619c5b06d4dcdb4cac1e5e9c839e6e8b1c8574/spring-boot-2.0.4.RELEASE.jar:/Users/nisum/.gradle/caches/modules-2/files-2.1/org.springframework.data/spring-data-mongodb/2.0.9.RELEASE/912fd8ceb8fd57c3ad0ee9db8929201862ac51bb/spring-data-mongodb-2.0.9.RELEASE.jar:/Users/nisum/.gradle/caches/modules-2/files-2.1/org.springframework.plugin/spring-plugin-metadata/1.2.0.RELEASE/97223fc496b6cab31602eedbd4202aa4fff0d44f/spring-plugin-metadata-1.2.0.RELEASE.jar:/Users/nisum/.gradle/caches/modules-2/files-2.1/org.springframework.plugin/spring-plugin-core/1.2.0.RELEASE/f380e7760032e7d929184f8ad8a33716b75c0657/spring-plugin-core-1.2.0.RELEASE.jar:/Users/nisum/.gradle/caches/modules-2/files-2.1/org.springframework/spring-context/5.0.8.RELEASE/3a067d8990761111c9b6d1d895640be26cc1fb38/spring-context-5.0.8.RELEASE.jar:/Users/nisum/.gradle/caches/modules-2/files-2.1/com.sun.mail/javax.mail/1.6.1/757ba4630692bb2a1ec2d9d57a616b63f15e947e/javax.mail-1.6.1.jar:/Users/nisum/.gradle/caches/modules-2/files-2.1/org.springframework.boot/spring-boot-starter-tomcat/2.0.4.RELEASE/dcf28989a34b0801fea0e810c371fb9dab1e7784/spring-boot-starter-tomcat-2.0.4.RELEASE.jar:/Users/nisum/.gradle/caches/modules-2/files-2.1/org.hibernate.validator/hibernate-validator/6.0.11.Final/36f9d10a11e4768f55e8fb91ebe4338a5c43954e/hibernate-validator-6.0.11.Final.jar:/Users/nisum/.gradle/caches/modules-2/files-2.1/org.springframework/spring-web/5.0.8.RELEASE/fa43cdadb4ab2491fd1d0ddb06c0808e4b60fc85/spring-web-5.0.8.RELEASE.jar:/Users/nisum/.gradle/caches/modules-2/files-2.1/org.thymeleaf/thymeleaf-spring5/3.0.9.RELEASE/abf84efd83808a70d982d2790f7f3a7bd3a39cf4/thymeleaf-spring5-3.0.9.RELEASE.jar:/Users/nisum/.gradle/caches/modules-2/files-2.1/org.thymeleaf.extras/thymeleaf-extras-java8time/3.0.1.RELEASE/d23760d1e53cd70c489ef40dc94ee6bd2371cceb/thymeleaf-extras-java8time-3.0.1.RELEASE.jar:/Users/nisum/.gradle/caches/modules-2/files-2.1/org.mongodb/mongodb-driver/3.6.4/4ddaa4520e9b3a9255ae138f782d73432be6787d/mongodb-driver-3.6.4.jar:/Users/nisum/.gradle/caches/modules-2/files-2.1/org.apache.tomcat.embed/tomcat-embed-el/8.5.32/e4fd0ee015d83fa1c5ec93ff1d05bdaf9a4480c5/tomcat-embed-el-8.5.32.jar:/Users/nisum/.gradle/caches/modules-2/files-2.1/org.mapstruct/mapstruct/1.0.0.Beta4/728d0705c62165d9b6bdb9db8794c344414d5eae/mapstruct-1.0.0.Beta4.jar:/Users/nisum/.gradle/caches/modules-2/files-2.1/com.wordnik/swagger-models/1.5.3-M1/39d56e97d6a0569c9704cec813eaef81d8d6b2c0/swagger-models-1.5.3-M1.jar:/Users/nisum/.gradle/caches/modules-2/files-2.1/com.wordnik/swagger-annotations/1.5.3-M1/af8399fdbf8283a9f2b26808f5fa963b98d21f09/swagger-annotations-1.5.3-M1.jar:/Users/nisum/.gradle/caches/modules-2/files-2.1/com.google.guava/guava/18.0/cce0823396aa693798f8882e64213b1772032b09/guava-18.0.jar:/Users/nisum/.gradle/caches/modules-2/files-2.1/com.fasterxml/classmate/1.3.4/3d5f48f10bbe4eb7bd862f10c0583be2e0053c6/classmate-1.3.4.jar:/Users/nisum/.gradle/caches/modules-2/files-2.1/com.jayway.jsonpath/json-path/2.4.0/765a4401ceb2dc8d40553c2075eb80a8fa35c2ae/json-path-2.4.0.jar:/Users/nisum/.gradle/caches/modules-2/files-2.1/org.thymeleaf/thymeleaf/3.0.9.RELEASE/64185cca50ac808ad034841c84b4013f955465d2/thymeleaf-3.0.9.RELEASE.jar:/Users/nisum/.gradle/caches/modules-2/files-2.1/org.springframework.data/spring-data-commons/2.0.9.RELEASE/9c8f3ea29c9dd6e4c41876c46e9f5f4987390beb/spring-data-commons-2.0.9.RELEASE.jar:/Users/nisum/.gradle/caches/modules-2/files-2.1/org.springframework.boot/spring-boot-starter-logging/2.0.4.RELEASE/dcd1a2c431c970f44adae64d9145133979a513ab/spring-boot-starter-logging-2.0.4.RELEASE.jar:/Users/nisum/.gradle/caches/modules-2/files-2.1/ch.qos.logback/logback-classic/1.2.3/7c4f3c474fb2c041d8028740440937705ebb473a/logback-classic-1.2.3.jar:/Users/nisum/.gradle/caches/modules-2/files-2.1/org.apache.logging.log4j/log4j-to-slf4j/2.10.0/f7e631ccf49cfc0aefa4a2a728da7d374c05bd3c/log4j-to-slf4j-2.10.0.jar:/Users/nisum/.gradle/caches/modules-2/files-2.1/org.slf4j/jul-to-slf4j/1.7.25/af5364cd6679bfffb114f0dec8a157aaa283b76/jul-to-slf4j-1.7.25.jar:/Users/nisum/.gradle/caches/modules-2/files-2.1/org.slf4j/slf4j-api/1.7.25/da76ca59f6a57ee3102f8f9bd9cee742973efa8a/slf4j-api-1.7.25.jar:/Users/nisum/.gradle/caches/modules-2/files-2.1/joda-time/joda-time/2.9.9/f7b520c458572890807d143670c9b24f4de90897/joda-time-2.9.9.jar:/Users/nisum/.gradle/caches/modules-2/files-2.1/junit/junit/4.12/2973d150c0dc1fefe998f834810d68f278ea58ec/junit-4.12.jar:/Users/nisum/.gradle/caches/modules-2/files-2.1/org.assertj/assertj-core/3.9.1/c5ce126b15f28d56cd8f960c1a6a058b9c9aea87/assertj-core-3.9.1.jar:/Users/nisum/.gradle/caches/modules-2/files-2.1/org.mockito/mockito-core/2.15.0/b84bfbbc29cd22c9529409627af6ea2897f4fa85/mockito-core-2.15.0.jar:/Users/nisum/.gradle/caches/modules-2/files-2.1/org.hamcrest/hamcrest-library/1.3/4785a3c21320980282f9f33d0d1264a69040538f/hamcrest-library-1.3.jar:/Users/nisum/.gradle/caches/modules-2/files-2.1/org.hamcrest/hamcrest-core/1.3/42a25dc3219429f0e5d060061f71acb49bf010a0/hamcrest-core-1.3.jar:/Users/nisum/.gradle/caches/modules-2/files-2.1/org.skyscreamer/jsonassert/1.5.0/6c9d5fe2f59da598d9aefc1cfc6528ff3cf32df3/jsonassert-1.5.0.jar:/Users/nisum/.gradle/caches/modules-2/files-2.1/org.springframework/spring-test/5.0.8.RELEASE/5782619373bd7e7b7d9106203c317b04bb613ebb/spring-test-5.0.8.RELEASE.jar:/Users/nisum/.gradle/caches/modules-2/files-2.1/org.springframework/spring-expression/5.0.8.RELEASE/f23158f22c917df2cddf2ecebc398a9e95f95fae/spring-expression-5.0.8.RELEASE.jar:/Users/nisum/.gradle/caches/modules-2/files-2.1/org.springframework/spring-aop/5.0.8.RELEASE/f5086c1a3185c481104511837427b39a07a57aa2/spring-aop-5.0.8.RELEASE.jar:/Users/nisum/.gradle/caches/modules-2/files-2.1/org.springframework/spring-tx/5.0.8.RELEASE/b6488db6192f71bd682a13b9d42127307631c616/spring-tx-5.0.8.RELEASE.jar:/Users/nisum/.gradle/caches/modules-2/files-2.1/org.springframework/spring-beans/5.0.8.RELEASE/5fc965d3e7f5515099244857a8ae9e2a208c169b/spring-beans-5.0.8.RELEASE.jar:/Users/nisum/.gradle/caches/modules-2/files-2.1/org.springframework/spring-core/5.0.8.RELEASE/dc39c49e3246cdf73d3786ac41119140aed3fa08/spring-core-5.0.8.RELEASE.jar:/Users/nisum/.gradle/caches/modules-2/files-2.1/org.xmlunit/xmlunit-core/2.5.1/4ffdb346572a7356f7521cd3119ce5287d2e339d/xmlunit-core-2.5.1.jar:/Users/nisum/.gradle/caches/modules-2/files-2.1/javax.annotation/javax.annotation-api/1.3.2/934c04d3cfef185a8008e7bf34331b79730a9d43/javax.annotation-api-1.3.2.jar:/Users/nisum/.gradle/caches/modules-2/files-2.1/org.yaml/snakeyaml/1.19/2d998d3d674b172a588e54ab619854d073f555b5/snakeyaml-1.19.jar:/Users/nisum/.gradle/caches/modules-2/files-2.1/javax.activation/activation/1.1/e6cb541461c2834bdea3eb920f1884d1eb508b50/activation-1.1.jar:/Users/nisum/.gradle/caches/modules-2/files-2.1/com.fasterxml.jackson.datatype/jackson-datatype-jdk8/2.9.6/456895fc91bf7180b216fead220373e6278230c9/jackson-datatype-jdk8-2.9.6.jar:/Users/nisum/.gradle/caches/modules-2/files-2.1/com.fasterxml.jackson.datatype/jackson-datatype-jsr310/2.9.6/ea54f6193d224e5e5732bbd4262327eb465397c2/jackson-datatype-jsr310-2.9.6.jar:/Users/nisum/.gradle/caches/modules-2/files-2.1/com.fasterxml.jackson.module/jackson-module-parameter-names/2.9.6/129acd77a4b6ee30d62d3a0899b1344c8ec2bff8/jackson-module-parameter-names-2.9.6.jar:/Users/nisum/.gradle/caches/modules-2/files-2.1/com.fasterxml.jackson.core/jackson-databind/2.9.6/cfa4f316351a91bfd95cb0644c6a2c95f52db1fc/jackson-databind-2.9.6.jar:/Users/nisum/.gradle/caches/modules-2/files-2.1/org.apache.tomcat.embed/tomcat-embed-websocket/8.5.32/ea5302e378f1449d4e5dda79e8d810c1e7931f91/tomcat-embed-websocket-8.5.32.jar:/Users/nisum/.gradle/caches/modules-2/files-2.1/org.apache.tomcat.embed/tomcat-embed-core/8.5.32/6bc6896200146010cc4666bdc6b9b0cbb453ee22/tomcat-embed-core-8.5.32.jar:/Users/nisum/.gradle/caches/modules-2/files-2.1/javax.validation/validation-api/2.0.1.Final/cb855558e6271b1b32e716d24cb85c7f583ce09e/validation-api-2.0.1.Final.jar:/Users/nisum/.gradle/caches/modules-2/files-2.1/org.jboss.logging/jboss-logging/3.3.2.Final/3789d00e859632e6c6206adc0c71625559e6e3b0/jboss-logging-3.3.2.Final.jar:/Users/nisum/.gradle/caches/modules-2/files-2.1/org.mongodb/mongodb-driver-core/3.6.4/6e737a5d706036bed528522d445dd2ffc454bd6b/mongodb-driver-core-3.6.4.jar:/Users/nisum/.gradle/caches/modules-2/files-2.1/org.mongodb/bson/3.6.4/da7487f3cba7ddd1e0b0814005960cf543e9d8/bson-3.6.4.jar:/Users/nisum/.gradle/caches/modules-2/files-2.1/com.fasterxml.jackson.core/jackson-annotations/2.9.0/7c10d545325e3a6e72e06381afe469fd40eb701/jackson-annotations-2.9.0.jar:/Users/nisum/.gradle/caches/modules-2/files-2.1/net.minidev/json-smart/2.3/7396407491352ce4fa30de92efb158adb76b5b/json-smart-2.3.jar:/Users/nisum/.gradle/caches/modules-2/files-2.1/net.bytebuddy/byte-buddy/1.7.11/f02857a4e2c66ccbe7aaad6100a0a6c461bce9b3/byte-buddy-1.7.11.jar:/Users/nisum/.gradle/caches/modules-2/files-2.1/net.bytebuddy/byte-buddy-agent/1.7.11/b425a8933ca07edd03c6dbc8bc3b595fba9780de/byte-buddy-agent-1.7.11.jar:/Users/nisum/.gradle/caches/modules-2/files-2.1/org.objenesis/objenesis/2.6/639033469776fd37c08358c6b92a4761feb2af4b/objenesis-2.6.jar:/Users/nisum/.gradle/caches/modules-2/files-2.1/com.vaadin.external.google/android-json/0.0.20131108.vaadin1/fa26d351fe62a6a17f5cda1287c1c6110dec413f/android-json-0.0.20131108.vaadin1.jar:/Users/nisum/.gradle/caches/modules-2/files-2.1/org.springframework/spring-jcl/5.0.8.RELEASE/a1fa8fb560fb252321776e16bc9ac8201af4ef5e/spring-jcl-5.0.8.RELEASE.jar:/Users/nisum/.gradle/caches/modules-2/files-2.1/com.fasterxml.jackson.core/jackson-core/2.9.6/4e393793c37c77e042ccc7be5a914ae39251b365/jackson-core-2.9.6.jar:/Users/nisum/.gradle/caches/modules-2/files-2.1/org.attoparser/attoparser/2.0.4.RELEASE/5cf02c4d8303a81f0c80971bb1dcd40d3ba96009/attoparser-2.0.4.RELEASE.jar:/Users/nisum/.gradle/caches/modules-2/files-2.1/org.unbescape/unbescape/1.1.5.RELEASE/46dc644ea9c234317d926ebac5bf5d8f114dc1ba/unbescape-1.1.5.RELEASE.jar:/Users/nisum/.gradle/caches/modules-2/files-2.1/net.minidev/accessors-smart/1.2/c592b500269bfde36096641b01238a8350f8aa31/accessors-smart-1.2.jar:/Users/nisum/.gradle/caches/modules-2/files-2.1/ch.qos.logback/logback-core/1.2.3/864344400c3d4d92dfeb0a305dc87d953677c03c/logback-core-1.2.3.jar:/Users/nisum/.gradle/caches/modules-2/files-2.1/org.apache.logging.log4j/log4j-api/2.10.0/fec5797a55b786184a537abd39c3fa1449d752d6/log4j-api-2.10.0.jar:/Users/nisum/.gradle/caches/modules-2/files-2.1/org.ow2.asm/asm/5.0.4/da08b8cce7bbf903602a25a3a163ae252435795/asm-5.0.4.jar, user.name=nisum, java.vm.specification.version=1.8, sun.java.command=worker.org.gradle.process.internal.worker.GradleWorkerMain 'Gradle Test Executor 2', java.home=/Users/nisum/.sdkman/candidates/java/8.0.181-zulu/jre, sun.arch.data.model=64, user.language=en, java.specification.vendor=Oracle Corporation, awt.toolkit=sun.lwawt.macosx.LWCToolkit, java.vm.info=mixed mode, java.version=1.8.0_181, java.ext.dirs=/Users/nisum/Library/Java/Extensions:/Users/nisum/.sdkman/candidates/java/8.0.181-zulu/jre/lib/ext:/Library/Java/Extensions:/Network/Library/Java/Extensions:/System/Library/Java/Extensions:/usr/lib/java, sun.boot.class.path=/Users/nisum/.sdkman/candidates/java/8.0.181-zulu/jre/lib/resources.jar:/Users/nisum/.sdkman/candidates/java/8.0.181-zulu/jre/lib/rt.jar:/Users/nisum/.sdkman/candidates/java/8.0.181-zulu/jre/lib/sunrsasign.jar:/Users/nisum/.sdkman/candidates/java/8.0.181-zulu/jre/lib/jsse.jar:/Users/nisum/.sdkman/candidates/java/8.0.181-zulu/jre/lib/jce.jar:/Users/nisum/.sdkman/candidates/java/8.0.181-zulu/jre/lib/charsets.jar:/Users/nisum/.sdkman/candidates/java/8.0.181-zulu/jre/lib/jfr.jar:/Users/nisum/.sdkman/candidates/java/8.0.181-zulu/jre/classes, java.vendor=Azul Systems, Inc., org.gradle.test.worker=2, file.separator=/, java.vendor.url.bug=http://www.azulsystems.com/support/, sun.io.unicode.encoding=UnicodeBig, sun.cpu.endian=little, sun.cpu.isalist=}}, SystemEnvironmentPropertySource@862794044 {name='systemEnvironment', properties={NVM_RC_VERSION=, PATH=/Users/nisum/.nvm/versions/node/v6.11.1/bin:/Users/nisum/.sdkman/candidates/java/current/bin:/usr/local/bin:/usr/bin:/bin:/usr/sbin:/sbin, JAVA_MAIN_CLASS_89832=org.gradle.wrapper.GradleWrapperMain, SDKMAN_VERSION=5.7.2+323, APP_ICON_89832=/Users/nisum/Workspace/newsletter/media/gradle.icns, JAVA_HOME=/Users/nisum/.sdkman/candidates/java/current, TERM=xterm-256color, LANG=en_US.UTF-8, GRADLE_HOME=/usr/local/Cellar/gradle/4.9, ITERM_SESSION_ID=w0t0p0:6CAE9F42-BE4B-4759-BDFC-81CCBF2C4272, COLORTERM=truecolor, SDKMAN_DIR=/Users/nisum/.sdkman, LOGNAME=nisum, XPC_SERVICE_NAME=0, PWD=/Users/nisum/Workspace/newsletter, TERM_PROGRAM_VERSION=3.2.0, SDKMAN_CANDIDATES_DIR=/Users/nisum/.sdkman/candidates, NVM_CD_FLAGS=, NVM_DIR=/Users/nisum/.nvm, SHELL=/bin/bash, TERM_PROGRAM=iTerm.app, SDKMAN_CANDIDATES_API=https://api.sdkman.io/2, SDKMAN_PLATFORM=Darwin, OLDPWD=/Users/nisum/Workspace/newsletter, USER=nisum, JAVA_MAIN_CLASS_89846=worker.org.gradle.process.internal.worker.GradleWorkerMain, ITERM_PROFILE=Default, TMPDIR=/var/folders/mk/hwqww2zx01q65v0k_s8h7zb00000gn/T/, SSH_AUTH_SOCK=/private/tmp/com.apple.launchd.Akjv3668TZ/Listeners, XPC_FLAGS=0x0, TERM_SESSION_ID=w0t0p0:6CAE9F42-BE4B-4759-BDFC-81CCBF2C4272, __CF_USER_TEXT_ENCODING=0x1F5:0x0:0x0, APP_NAME_89832=Gradle, Apple_PubSub_Socket_Render=/private/tmp/com.apple.launchd.MYpgymK0Hh/Render, COLORFGBG=7;0, NVM_BIN=/Users/nisum/.nvm/versions/node/v6.11.1/bin, SHLVL=1, HOME=/Users/nisum}}]
16:49:18.089 [Test worker] DEBUG org.springframework.core.io.support.PathMatchingResourcePatternResolver - Resolved classpath location [com/newsletter/] to resources [URL [file:/Users/nisum/Workspace/newsletter/build/classes/java/test/com/newsletter/], URL [file:/Users/nisum/Workspace/newsletter/build/classes/java/main/com/newsletter/]]
16:49:18.091 [Test worker] DEBUG org.springframework.core.io.support.PathMatchingResourcePatternResolver - Looking for matching resources in directory tree [/Users/nisum/Workspace/newsletter/build/classes/java/test/com/newsletter]
16:49:18.091 [Test worker] DEBUG org.springframework.core.io.support.PathMatchingResourcePatternResolver - Searching directory [/Users/nisum/Workspace/newsletter/build/classes/java/test/com/newsletter] for files matching pattern [/Users/nisum/Workspace/newsletter/build/classes/java/test/com/newsletter/*.class]
16:49:18.095 [Test worker] DEBUG org.springframework.core.io.support.PathMatchingResourcePatternResolver - Looking for matching resources in directory tree [/Users/nisum/Workspace/newsletter/build/classes/java/main/com/newsletter]
16:49:18.095 [Test worker] DEBUG org.springframework.core.io.support.PathMatchingResourcePatternResolver - Searching directory [/Users/nisum/Workspace/newsletter/build/classes/java/main/com/newsletter] for files matching pattern [/Users/nisum/Workspace/newsletter/build/classes/java/main/com/newsletter/*.class]
16:49:18.098 [Test worker] DEBUG org.springframework.core.io.support.PathMatchingResourcePatternResolver - Resolved location pattern [classpath*:com/newsletter/*.class] to resources [file [/Users/nisum/Workspace/newsletter/build/classes/java/test/com/newsletter/NewsletterApplicationTests.class], file [/Users/nisum/Workspace/newsletter/build/classes/java/main/com/newsletter/NewsletterApplication.class]]
16:49:18.182 [Test worker] DEBUG org.springframework.context.annotation.ClassPathScanningCandidateComponentProvider - Identified candidate component class: file [/Users/nisum/Workspace/newsletter/build/classes/java/main/com/newsletter/NewsletterApplication.class]
16:49:18.184 [Test worker] INFO org.springframework.boot.test.context.SpringBootTestContextBootstrapper - Found @SpringBootConfiguration com.newsletter.NewsletterApplication for test class com.newsletter.NewsletterApplicationTests
16:49:18.486 [Test worker] DEBUG org.springframework.boot.test.context.SpringBootTestContextBootstrapper - @TestExecutionListeners is not present for class [com.newsletter.NewsletterApplicationTests]: using defaults.
16:49:18.487 [Test worker] INFO org.springframework.boot.test.context.SpringBootTestContextBootstrapper - Loaded default TestExecutionListener class names from location [META-INF/spring.factories]: [org.springframework.boot.test.autoconfigure.restdocs.RestDocsTestExecutionListener, org.springframework.boot.test.autoconfigure.web.client.MockRestServiceServerResetTestExecutionListener, org.springframework.boot.test.autoconfigure.web.servlet.MockMvcPrintOnlyOnFailureTestExecutionListener, org.springframework.boot.test.autoconfigure.web.servlet.WebDriverTestExecutionListener, org.springframework.boot.test.mock.mockito.MockitoTestExecutionListener, org.springframework.boot.test.mock.mockito.ResetMocksTestExecutionListener, org.springframework.test.context.web.ServletTestExecutionListener, org.springframework.test.context.support.DirtiesContextBeforeModesTestExecutionListener, org.springframework.test.context.support.DependencyInjectionTestExecutionListener, org.springframework.test.context.support.DirtiesContextTestExecutionListener, org.springframework.test.context.transaction.TransactionalTestExecutionListener, org.springframework.test.context.jdbc.SqlScriptsTestExecutionListener]
16:49:18.505 [Test worker] INFO org.springframework.boot.test.context.SpringBootTestContextBootstrapper - Using TestExecutionListeners: [org.springframework.test.context.web.ServletTestExecutionListener@9197b81, org.springframework.test.context.support.DirtiesContextBeforeModesTestExecutionListener@3aadaeec, org.springframework.boot.test.mock.mockito.MockitoTestExecutionListener@1615205, org.springframework.boot.test.autoconfigure.SpringBootDependencyInjectionTestExecutionListener@c432c66, org.springframework.test.context.support.DirtiesContextTestExecutionListener@4ec48b1c, org.springframework.test.context.transaction.TransactionalTestExecutionListener@19c986e6, org.springframework.test.context.jdbc.SqlScriptsTestExecutionListener@12330ea0, org.springframework.boot.test.autoconfigure.restdocs.RestDocsTestExecutionListener@786309c, org.springframework.boot.test.autoconfigure.web.client.MockRestServiceServerResetTestExecutionListener@6df0d71b, org.springframework.boot.test.autoconfigure.web.servlet.MockMvcPrintOnlyOnFailureTestExecutionListener@385b92f5, org.springframework.boot.test.autoconfigure.web.servlet.WebDriverTestExecutionListener@3297dd50, org.springframework.boot.test.mock.mockito.ResetMocksTestExecutionListener@423194e]
16:49:18.510 [Test worker] DEBUG org.springframework.test.annotation.ProfileValueUtils - Retrieved @ProfileValueSourceConfiguration [null] for test class [com.newsletter.NewsletterApplicationTests]
16:49:18.511 [Test worker] DEBUG org.springframework.test.annotation.ProfileValueUtils - Retrieved ProfileValueSource type [class org.springframework.test.annotation.SystemProfileValueSource] for class [com.newsletter.NewsletterApplicationTests]
16:49:18.512 [Test worker] DEBUG org.springframework.test.annotation.ProfileValueUtils - Retrieved @ProfileValueSourceConfiguration [null] for test class [com.newsletter.NewsletterApplicationTests]
16:49:18.512 [Test worker] DEBUG org.springframework.test.annotation.ProfileValueUtils - Retrieved ProfileValueSource type [class org.springframework.test.annotation.SystemProfileValueSource] for class [com.newsletter.NewsletterApplicationTests]
16:49:18.522 [Test worker] DEBUG org.springframework.test.context.support.AbstractDirtiesContextTestExecutionListener - Before test class: context [DefaultTestContext@1919c774 testClass = NewsletterApplicationTests, testInstance = [null], testMethod = [null], testException = [null], mergedContextConfiguration = [WebMergedContextConfiguration@34ef95b9 testClass = NewsletterApplicationTests, locations = '{}', classes = '{class com.newsletter.NewsletterApplication}', contextInitializerClasses = '[]', activeProfiles = '{}', propertySourceLocations = '{}', propertySourceProperties = '{org.springframework.boot.test.context.SpringBootTestContextBootstrapper=true}', contextCustomizers = set[org.springframework.boot.test.autoconfigure.properties.PropertyMappingContextCustomizer@0, org.springframework.boot.test.autoconfigure.web.servlet.WebDriverContextCustomizerFactory$Customizer@57979244, org.springframework.boot.test.context.filter.ExcludeFilterContextCustomizer@3f32cad0, org.springframework.boot.test.json.DuplicateJsonObjectContextCustomizerFactory$DuplicateJsonObjectContextCustomizer@29ab634, org.springframework.boot.test.mock.mockito.MockitoContextCustomizer@0, org.springframework.boot.test.web.client.TestRestTemplateContextCustomizer@4406993a], resourceBasePath = 'src/main/webapp', contextLoader = 'org.springframework.boot.test.context.SpringBootContextLoader', parent = [null]], attributes = map['org.springframework.test.context.web.ServletTestExecutionListener.activateListener' -> true]], class annotated with @DirtiesContext [false] with mode [null].
16:49:18.526 [Test worker] DEBUG org.springframework.test.annotation.ProfileValueUtils - Retrieved @ProfileValueSourceConfiguration [null] for test class [com.newsletter.NewsletterApplicationTests]
16:49:18.527 [Test worker] DEBUG org.springframework.test.annotation.ProfileValueUtils - Retrieved ProfileValueSource type [class org.springframework.test.annotation.SystemProfileValueSource] for class [com.newsletter.NewsletterApplicationTests]
16:49:18.560 [Test worker] DEBUG org.springframework.core.env.StandardEnvironment - Adding PropertySource 'systemProperties' with lowest search precedence
16:49:18.560 [Test worker] DEBUG org.springframework.core.env.StandardEnvironment - Adding PropertySource 'systemEnvironment' with lowest search precedence
16:49:18.561 [Test worker] DEBUG org.springframework.core.env.StandardEnvironment - Initialized StandardEnvironment with PropertySources [MapPropertySource@1075129146 {name='systemProperties', properties={java.runtime.name=OpenJDK Runtime Environment, sun.boot.library.path=/Users/nisum/.sdkman/candidates/java/8.0.181-zulu/jre/lib, java.vm.version=25.181-b02, gopherProxySet=false, java.vm.vendor=Azul Systems, Inc., java.vendor.url=http://www.azulsystems.com/, path.separator=:, java.vm.name=OpenJDK 64-Bit Server VM, file.encoding.pkg=sun.io, sun.java.launcher=SUN_STANDARD, user.country=US, sun.os.patch.level=unknown, java.vm.specification.name=Java Virtual Machine Specification, user.dir=/Users/nisum/Workspace/newsletter, java.runtime.version=1.8.0_181-b02, java.awt.graphicsenv=sun.awt.CGraphicsEnvironment, java.endorsed.dirs=/Users/nisum/.sdkman/candidates/java/8.0.181-zulu/jre/lib/endorsed, os.arch=x86_64, java.io.tmpdir=/var/folders/mk/hwqww2zx01q65v0k_s8h7zb00000gn/T/, line.separator=
, java.vm.specification.vendor=Oracle Corporation, user.variant=, os.name=Mac OS X, sun.jnu.encoding=UTF-8, java.library.path=/Users/nisum/Library/Java/Extensions:/Library/Java/Extensions:/Network/Library/Java/Extensions:/System/Library/Java/Extensions:/usr/lib/java:., java.specification.name=Java Platform API Specification, java.class.version=52.0, org.gradle.native=false, sun.management.compiler=HotSpot 64-Bit Tiered Compilers, os.version=10.12.6, user.home=/Users/nisum, user.timezone=Asia/Kolkata, java.awt.printerjob=sun.lwawt.macosx.CPrinterJob, file.encoding=UTF-8, java.specification.version=1.8, java.class.path=/Users/nisum/Workspace/newsletter/build/classes/java/test:/Users/nisum/Workspace/newsletter/build/resources/test:/Users/nisum/Workspace/newsletter/build/classes/java/main:/Users/nisum/Workspace/newsletter/build/resources/main:/Users/nisum/.gradle/caches/modules-2/files-2.1/org.springframework.boot/spring-boot-starter-mail/2.0.4.RELEASE/b779103d891782d13c910caef170a4c730ae2499/spring-boot-starter-mail-2.0.4.RELEASE.jar:/Users/nisum/.gradle/caches/modules-2/files-2.1/org.springframework.boot/spring-boot-starter-web/2.0.4.RELEASE/98d49e981ecf804da877d84259b7b0d1ec2fb6f6/spring-boot-starter-web-2.0.4.RELEASE.jar:/Users/nisum/.gradle/caches/modules-2/files-2.1/org.springframework.boot/spring-boot-starter-thymeleaf/2.0.4.RELEASE/2efe5275b5f69d82a6aef962bc1f044791d9259f/spring-boot-starter-thymeleaf-2.0.4.RELEASE.jar:/Users/nisum/.gradle/caches/modules-2/files-2.1/org.springframework.boot/spring-boot-devtools/2.0.4.RELEASE/f889fe31cfb4ddfa61e2b4637f9c2743bc0918dd/spring-boot-devtools-2.0.4.RELEASE.jar:/Users/nisum/.gradle/caches/modules-2/files-2.1/org.springframework.boot/spring-boot-starter-data-mongodb/2.0.4.RELEASE/3662b2df4cf1da1f09a80d3e6651e6797700f761/spring-boot-starter-data-mongodb-2.0.4.RELEASE.jar:/Users/nisum/.gradle/caches/modules-2/files-2.1/org.springframework.boot/spring-boot-starter-validation/2.0.4.RELEASE/6dc53d3c88543861f538d781f83feea1a59a41c/spring-boot-starter-validation-2.0.4.RELEASE.jar:/Users/nisum/.gradle/caches/modules-2/files-2.1/org.projectlombok/lombok/1.16.6/9d3a47307466b28632bf35f8972ae9d703879416/lombok-1.16.6.jar:/Users/nisum/.gradle/caches/modules-2/files-2.1/io.springfox/springfox-swagger2/2.0.1/bdd9100c86076ea95825d0e44c4a4241515670cc/springfox-swagger2-2.0.1.jar:/Users/nisum/.gradle/caches/modules-2/files-2.1/io.springfox/springfox-swagger-ui/2.0.2/d282bd0c0321614206438942246ed850ee5ecde9/springfox-swagger-ui-2.0.2.jar:/Users/nisum/.gradle/caches/modules-2/files-2.1/org.springframework.boot/spring-boot-starter-test/2.0.4.RELEASE/8f473705d2742b669f0318f10a956f94a93ba3d2/spring-boot-starter-test-2.0.4.RELEASE.jar:/Users/nisum/.gradle/caches/modules-2/files-2.1/org.springframework.boot/spring-boot-starter-json/2.0.4.RELEASE/c7afabf0d7c85db178da4ce0634e3bd2ddb0eb71/spring-boot-starter-json-2.0.4.RELEASE.jar:/Users/nisum/.gradle/caches/modules-2/files-2.1/org.springframework.boot/spring-boot-starter/2.0.4.RELEASE/ec46c63a2adeee40058eff1a6baefca13975dc94/spring-boot-starter-2.0.4.RELEASE.jar:/Users/nisum/.gradle/caches/modules-2/files-2.1/org.springframework/spring-context-support/5.0.8.RELEASE/5dcf539175f6c965bd878e4928db50e4c6c82014/spring-context-support-5.0.8.RELEASE.jar:/Users/nisum/.gradle/caches/modules-2/files-2.1/io.springfox/springfox-swagger-common/2.0.1/9be8556e652434445c88993ceb87df11d5c1a6aa/springfox-swagger-common-2.0.1.jar:/Users/nisum/.gradle/caches/modules-2/files-2.1/io.springfox/springfox-spring-web/2.0.2/e0e368a930eea784a55f87adcc4266949cc9bedf/springfox-spring-web-2.0.2.jar:/Users/nisum/.gradle/caches/modules-2/files-2.1/io.springfox/springfox-schema/2.0.2/68c7f9a1762733c723289cc85edd5b726c417ab1/springfox-schema-2.0.2.jar:/Users/nisum/.gradle/caches/modules-2/files-2.1/io.springfox/springfox-spi/2.0.2/78e48b1e0c2c5822e35407906181e0d3e613c50a/springfox-spi-2.0.2.jar:/Users/nisum/.gradle/caches/modules-2/files-2.1/io.springfox/springfox-core/2.0.2/f092720e5facaa604d8ee0d903a2384c10e5261a/springfox-core-2.0.2.jar:/Users/nisum/.gradle/caches/modules-2/files-2.1/org.springframework.hateoas/spring-hateoas/0.25.0.RELEASE/22d1abd575426709734ab83e7d81d6deb4addbf6/spring-hateoas-0.25.0.RELEASE.jar:/Users/nisum/.gradle/caches/modules-2/files-2.1/org.springframework/spring-webmvc/5.0.8.RELEASE/7e5fe57590ca8e4468e50fe1d92b0b67aa4a327a/spring-webmvc-5.0.8.RELEASE.jar:/Users/nisum/.gradle/caches/modules-2/files-2.1/org.springframework.boot/spring-boot-test-autoconfigure/2.0.4.RELEASE/8a2e3f31e607fdb08deda2f59263ce177f1c4310/spring-boot-test-autoconfigure-2.0.4.RELEASE.jar:/Users/nisum/.gradle/caches/modules-2/files-2.1/org.springframework.boot/spring-boot-autoconfigure/2.0.4.RELEASE/65cd1244d606acc02ab7bfc47a203a3fe2400dda/spring-boot-autoconfigure-2.0.4.RELEASE.jar:/Users/nisum/.gradle/caches/modules-2/files-2.1/org.springframework.boot/spring-boot-test/2.0.4.RELEASE/8a17fc3cf16b6d75f2ba132ade04409a670095de/spring-boot-test-2.0.4.RELEASE.jar:/Users/nisum/.gradle/caches/modules-2/files-2.1/org.springframework.boot/spring-boot/2.0.4.RELEASE/c8619c5b06d4dcdb4cac1e5e9c839e6e8b1c8574/spring-boot-2.0.4.RELEASE.jar:/Users/nisum/.gradle/caches/modules-2/files-2.1/org.springframework.data/spring-data-mongodb/2.0.9.RELEASE/912fd8ceb8fd57c3ad0ee9db8929201862ac51bb/spring-data-mongodb-2.0.9.RELEASE.jar:/Users/nisum/.gradle/caches/modules-2/files-2.1/org.springframework.plugin/spring-plugin-metadata/1.2.0.RELEASE/97223fc496b6cab31602eedbd4202aa4fff0d44f/spring-plugin-metadata-1.2.0.RELEASE.jar:/Users/nisum/.gradle/caches/modules-2/files-2.1/org.springframework.plugin/spring-plugin-core/1.2.0.RELEASE/f380e7760032e7d929184f8ad8a33716b75c0657/spring-plugin-core-1.2.0.RELEASE.jar:/Users/nisum/.gradle/caches/modules-2/files-2.1/org.springframework/spring-context/5.0.8.RELEASE/3a067d8990761111c9b6d1d895640be26cc1fb38/spring-context-5.0.8.RELEASE.jar:/Users/nisum/.gradle/caches/modules-2/files-2.1/com.sun.mail/javax.mail/1.6.1/757ba4630692bb2a1ec2d9d57a616b63f15e947e/javax.mail-1.6.1.jar:/Users/nisum/.gradle/caches/modules-2/files-2.1/org.springframework.boot/spring-boot-starter-tomcat/2.0.4.RELEASE/dcf28989a34b0801fea0e810c371fb9dab1e7784/spring-boot-starter-tomcat-2.0.4.RELEASE.jar:/Users/nisum/.gradle/caches/modules-2/files-2.1/org.hibernate.validator/hibernate-validator/6.0.11.Final/36f9d10a11e4768f55e8fb91ebe4338a5c43954e/hibernate-validator-6.0.11.Final.jar:/Users/nisum/.gradle/caches/modules-2/files-2.1/org.springframework/spring-web/5.0.8.RELEASE/fa43cdadb4ab2491fd1d0ddb06c0808e4b60fc85/spring-web-5.0.8.RELEASE.jar:/Users/nisum/.gradle/caches/modules-2/files-2.1/org.thymeleaf/thymeleaf-spring5/3.0.9.RELEASE/abf84efd83808a70d982d2790f7f3a7bd3a39cf4/thymeleaf-spring5-3.0.9.RELEASE.jar:/Users/nisum/.gradle/caches/modules-2/files-2.1/org.thymeleaf.extras/thymeleaf-extras-java8time/3.0.1.RELEASE/d23760d1e53cd70c489ef40dc94ee6bd2371cceb/thymeleaf-extras-java8time-3.0.1.RELEASE.jar:/Users/nisum/.gradle/caches/modules-2/files-2.1/org.mongodb/mongodb-driver/3.6.4/4ddaa4520e9b3a9255ae138f782d73432be6787d/mongodb-driver-3.6.4.jar:/Users/nisum/.gradle/caches/modules-2/files-2.1/org.apache.tomcat.embed/tomcat-embed-el/8.5.32/e4fd0ee015d83fa1c5ec93ff1d05bdaf9a4480c5/tomcat-embed-el-8.5.32.jar:/Users/nisum/.gradle/caches/modules-2/files-2.1/org.mapstruct/mapstruct/1.0.0.Beta4/728d0705c62165d9b6bdb9db8794c344414d5eae/mapstruct-1.0.0.Beta4.jar:/Users/nisum/.gradle/caches/modules-2/files-2.1/com.wordnik/swagger-models/1.5.3-M1/39d56e97d6a0569c9704cec813eaef81d8d6b2c0/swagger-models-1.5.3-M1.jar:/Users/nisum/.gradle/caches/modules-2/files-2.1/com.wordnik/swagger-annotations/1.5.3-M1/af8399fdbf8283a9f2b26808f5fa963b98d21f09/swagger-annotations-1.5.3-M1.jar:/Users/nisum/.gradle/caches/modules-2/files-2.1/com.google.guava/guava/18.0/cce0823396aa693798f8882e64213b1772032b09/guava-18.0.jar:/Users/nisum/.gradle/caches/modules-2/files-2.1/com.fasterxml/classmate/1.3.4/3d5f48f10bbe4eb7bd862f10c0583be2e0053c6/classmate-1.3.4.jar:/Users/nisum/.gradle/caches/modules-2/files-2.1/com.jayway.jsonpath/json-path/2.4.0/765a4401ceb2dc8d40553c2075eb80a8fa35c2ae/json-path-2.4.0.jar:/Users/nisum/.gradle/caches/modules-2/files-2.1/org.thymeleaf/thymeleaf/3.0.9.RELEASE/64185cca50ac808ad034841c84b4013f955465d2/thymeleaf-3.0.9.RELEASE.jar:/Users/nisum/.gradle/caches/modules-2/files-2.1/org.springframework.data/spring-data-commons/2.0.9.RELEASE/9c8f3ea29c9dd6e4c41876c46e9f5f4987390beb/spring-data-commons-2.0.9.RELEASE.jar:/Users/nisum/.gradle/caches/modules-2/files-2.1/org.springframework.boot/spring-boot-starter-logging/2.0.4.RELEASE/dcd1a2c431c970f44adae64d9145133979a513ab/spring-boot-starter-logging-2.0.4.RELEASE.jar:/Users/nisum/.gradle/caches/modules-2/files-2.1/ch.qos.logback/logback-classic/1.2.3/7c4f3c474fb2c041d8028740440937705ebb473a/logback-classic-1.2.3.jar:/Users/nisum/.gradle/caches/modules-2/files-2.1/org.apache.logging.log4j/log4j-to-slf4j/2.10.0/f7e631ccf49cfc0aefa4a2a728da7d374c05bd3c/log4j-to-slf4j-2.10.0.jar:/Users/nisum/.gradle/caches/modules-2/files-2.1/org.slf4j/jul-to-slf4j/1.7.25/af5364cd6679bfffb114f0dec8a157aaa283b76/jul-to-slf4j-1.7.25.jar:/Users/nisum/.gradle/caches/modules-2/files-2.1/org.slf4j/slf4j-api/1.7.25/da76ca59f6a57ee3102f8f9bd9cee742973efa8a/slf4j-api-1.7.25.jar:/Users/nisum/.gradle/caches/modules-2/files-2.1/joda-time/joda-time/2.9.9/f7b520c458572890807d143670c9b24f4de90897/joda-time-2.9.9.jar:/Users/nisum/.gradle/caches/modules-2/files-2.1/junit/junit/4.12/2973d150c0dc1fefe998f834810d68f278ea58ec/junit-4.12.jar:/Users/nisum/.gradle/caches/modules-2/files-2.1/org.assertj/assertj-core/3.9.1/c5ce126b15f28d56cd8f960c1a6a058b9c9aea87/assertj-core-3.9.1.jar:/Users/nisum/.gradle/caches/modules-2/files-2.1/org.mockito/mockito-core/2.15.0/b84bfbbc29cd22c9529409627af6ea2897f4fa85/mockito-core-2.15.0.jar:/Users/nisum/.gradle/caches/modules-2/files-2.1/org.hamcrest/hamcrest-library/1.3/4785a3c21320980282f9f33d0d1264a69040538f/hamcrest-library-1.3.jar:/Users/nisum/.gradle/caches/modules-2/files-2.1/org.hamcrest/hamcrest-core/1.3/42a25dc3219429f0e5d060061f71acb49bf010a0/hamcrest-core-1.3.jar:/Users/nisum/.gradle/caches/modules-2/files-2.1/org.skyscreamer/jsonassert/1.5.0/6c9d5fe2f59da598d9aefc1cfc6528ff3cf32df3/jsonassert-1.5.0.jar:/Users/nisum/.gradle/caches/modules-2/files-2.1/org.springframework/spring-test/5.0.8.RELEASE/5782619373bd7e7b7d9106203c317b04bb613ebb/spring-test-5.0.8.RELEASE.jar:/Users/nisum/.gradle/caches/modules-2/files-2.1/org.springframework/spring-expression/5.0.8.RELEASE/f23158f22c917df2cddf2ecebc398a9e95f95fae/spring-expression-5.0.8.RELEASE.jar:/Users/nisum/.gradle/caches/modules-2/files-2.1/org.springframework/spring-aop/5.0.8.RELEASE/f5086c1a3185c481104511837427b39a07a57aa2/spring-aop-5.0.8.RELEASE.jar:/Users/nisum/.gradle/caches/modules-2/files-2.1/org.springframework/spring-tx/5.0.8.RELEASE/b6488db6192f71bd682a13b9d42127307631c616/spring-tx-5.0.8.RELEASE.jar:/Users/nisum/.gradle/caches/modules-2/files-2.1/org.springframework/spring-beans/5.0.8.RELEASE/5fc965d3e7f5515099244857a8ae9e2a208c169b/spring-beans-5.0.8.RELEASE.jar:/Users/nisum/.gradle/caches/modules-2/files-2.1/org.springframework/spring-core/5.0.8.RELEASE/dc39c49e3246cdf73d3786ac41119140aed3fa08/spring-core-5.0.8.RELEASE.jar:/Users/nisum/.gradle/caches/modules-2/files-2.1/org.xmlunit/xmlunit-core/2.5.1/4ffdb346572a7356f7521cd3119ce5287d2e339d/xmlunit-core-2.5.1.jar:/Users/nisum/.gradle/caches/modules-2/files-2.1/javax.annotation/javax.annotation-api/1.3.2/934c04d3cfef185a8008e7bf34331b79730a9d43/javax.annotation-api-1.3.2.jar:/Users/nisum/.gradle/caches/modules-2/files-2.1/org.yaml/snakeyaml/1.19/2d998d3d674b172a588e54ab619854d073f555b5/snakeyaml-1.19.jar:/Users/nisum/.gradle/caches/modules-2/files-2.1/javax.activation/activation/1.1/e6cb541461c2834bdea3eb920f1884d1eb508b50/activation-1.1.jar:/Users/nisum/.gradle/caches/modules-2/files-2.1/com.fasterxml.jackson.datatype/jackson-datatype-jdk8/2.9.6/456895fc91bf7180b216fead220373e6278230c9/jackson-datatype-jdk8-2.9.6.jar:/Users/nisum/.gradle/caches/modules-2/files-2.1/com.fasterxml.jackson.datatype/jackson-datatype-jsr310/2.9.6/ea54f6193d224e5e5732bbd4262327eb465397c2/jackson-datatype-jsr310-2.9.6.jar:/Users/nisum/.gradle/caches/modules-2/files-2.1/com.fasterxml.jackson.module/jackson-module-parameter-names/2.9.6/129acd77a4b6ee30d62d3a0899b1344c8ec2bff8/jackson-module-parameter-names-2.9.6.jar:/Users/nisum/.gradle/caches/modules-2/files-2.1/com.fasterxml.jackson.core/jackson-databind/2.9.6/cfa4f316351a91bfd95cb0644c6a2c95f52db1fc/jackson-databind-2.9.6.jar:/Users/nisum/.gradle/caches/modules-2/files-2.1/org.apache.tomcat.embed/tomcat-embed-websocket/8.5.32/ea5302e378f1449d4e5dda79e8d810c1e7931f91/tomcat-embed-websocket-8.5.32.jar:/Users/nisum/.gradle/caches/modules-2/files-2.1/org.apache.tomcat.embed/tomcat-embed-core/8.5.32/6bc6896200146010cc4666bdc6b9b0cbb453ee22/tomcat-embed-core-8.5.32.jar:/Users/nisum/.gradle/caches/modules-2/files-2.1/javax.validation/validation-api/2.0.1.Final/cb855558e6271b1b32e716d24cb85c7f583ce09e/validation-api-2.0.1.Final.jar:/Users/nisum/.gradle/caches/modules-2/files-2.1/org.jboss.logging/jboss-logging/3.3.2.Final/3789d00e859632e6c6206adc0c71625559e6e3b0/jboss-logging-3.3.2.Final.jar:/Users/nisum/.gradle/caches/modules-2/files-2.1/org.mongodb/mongodb-driver-core/3.6.4/6e737a5d706036bed528522d445dd2ffc454bd6b/mongodb-driver-core-3.6.4.jar:/Users/nisum/.gradle/caches/modules-2/files-2.1/org.mongodb/bson/3.6.4/da7487f3cba7ddd1e0b0814005960cf543e9d8/bson-3.6.4.jar:/Users/nisum/.gradle/caches/modules-2/files-2.1/com.fasterxml.jackson.core/jackson-annotations/2.9.0/7c10d545325e3a6e72e06381afe469fd40eb701/jackson-annotations-2.9.0.jar:/Users/nisum/.gradle/caches/modules-2/files-2.1/net.minidev/json-smart/2.3/7396407491352ce4fa30de92efb158adb76b5b/json-smart-2.3.jar:/Users/nisum/.gradle/caches/modules-2/files-2.1/net.bytebuddy/byte-buddy/1.7.11/f02857a4e2c66ccbe7aaad6100a0a6c461bce9b3/byte-buddy-1.7.11.jar:/Users/nisum/.gradle/caches/modules-2/files-2.1/net.bytebuddy/byte-buddy-agent/1.7.11/b425a8933ca07edd03c6dbc8bc3b595fba9780de/byte-buddy-agent-1.7.11.jar:/Users/nisum/.gradle/caches/modules-2/files-2.1/org.objenesis/objenesis/2.6/639033469776fd37c08358c6b92a4761feb2af4b/objenesis-2.6.jar:/Users/nisum/.gradle/caches/modules-2/files-2.1/com.vaadin.external.google/android-json/0.0.20131108.vaadin1/fa26d351fe62a6a17f5cda1287c1c6110dec413f/android-json-0.0.20131108.vaadin1.jar:/Users/nisum/.gradle/caches/modules-2/files-2.1/org.springframework/spring-jcl/5.0.8.RELEASE/a1fa8fb560fb252321776e16bc9ac8201af4ef5e/spring-jcl-5.0.8.RELEASE.jar:/Users/nisum/.gradle/caches/modules-2/files-2.1/com.fasterxml.jackson.core/jackson-core/2.9.6/4e393793c37c77e042ccc7be5a914ae39251b365/jackson-core-2.9.6.jar:/Users/nisum/.gradle/caches/modules-2/files-2.1/org.attoparser/attoparser/2.0.4.RELEASE/5cf02c4d8303a81f0c80971bb1dcd40d3ba96009/attoparser-2.0.4.RELEASE.jar:/Users/nisum/.gradle/caches/modules-2/files-2.1/org.unbescape/unbescape/1.1.5.RELEASE/46dc644ea9c234317d926ebac5bf5d8f114dc1ba/unbescape-1.1.5.RELEASE.jar:/Users/nisum/.gradle/caches/modules-2/files-2.1/net.minidev/accessors-smart/1.2/c592b500269bfde36096641b01238a8350f8aa31/accessors-smart-1.2.jar:/Users/nisum/.gradle/caches/modules-2/files-2.1/ch.qos.logback/logback-core/1.2.3/864344400c3d4d92dfeb0a305dc87d953677c03c/logback-core-1.2.3.jar:/Users/nisum/.gradle/caches/modules-2/files-2.1/org.apache.logging.log4j/log4j-api/2.10.0/fec5797a55b786184a537abd39c3fa1449d752d6/log4j-api-2.10.0.jar:/Users/nisum/.gradle/caches/modules-2/files-2.1/org.ow2.asm/asm/5.0.4/da08b8cce7bbf903602a25a3a163ae252435795/asm-5.0.4.jar, user.name=nisum, java.vm.specification.version=1.8, sun.java.command=worker.org.gradle.process.internal.worker.GradleWorkerMain 'Gradle Test Executor 2', java.home=/Users/nisum/.sdkman/candidates/java/8.0.181-zulu/jre, sun.arch.data.model=64, user.language=en, java.specification.vendor=Oracle Corporation, awt.toolkit=sun.lwawt.macosx.LWCToolkit, java.vm.info=mixed mode, java.version=1.8.0_181, java.ext.dirs=/Users/nisum/Library/Java/Extensions:/Users/nisum/.sdkman/candidates/java/8.0.181-zulu/jre/lib/ext:/Library/Java/Extensions:/Network/Library/Java/Extensions:/System/Library/Java/Extensions:/usr/lib/java, sun.boot.class.path=/Users/nisum/.sdkman/candidates/java/8.0.181-zulu/jre/lib/resources.jar:/Users/nisum/.sdkman/candidates/java/8.0.181-zulu/jre/lib/rt.jar:/Users/nisum/.sdkman/candidates/java/8.0.181-zulu/jre/lib/sunrsasign.jar:/Users/nisum/.sdkman/candidates/java/8.0.181-zulu/jre/lib/jsse.jar:/Users/nisum/.sdkman/candidates/java/8.0.181-zulu/jre/lib/jce.jar:/Users/nisum/.sdkman/candidates/java/8.0.181-zulu/jre/lib/charsets.jar:/Users/nisum/.sdkman/candidates/java/8.0.181-zulu/jre/lib/jfr.jar:/Users/nisum/.sdkman/candidates/java/8.0.181-zulu/jre/classes, java.vendor=Azul Systems, Inc., org.gradle.test.worker=2, file.separator=/, java.vendor.url.bug=http://www.azulsystems.com/support/, sun.io.unicode.encoding=UnicodeBig, sun.cpu.endian=little, sun.cpu.isalist=}}, SystemEnvironmentPropertySource@255327598 {name='systemEnvironment', properties={NVM_RC_VERSION=, PATH=/Users/nisum/.nvm/versions/node/v6.11.1/bin:/Users/nisum/.sdkman/candidates/java/current/bin:/usr/local/bin:/usr/bin:/bin:/usr/sbin:/sbin, JAVA_MAIN_CLASS_89832=org.gradle.wrapper.GradleWrapperMain, SDKMAN_VERSION=5.7.2+323, APP_ICON_89832=/Users/nisum/Workspace/newsletter/media/gradle.icns, JAVA_HOME=/Users/nisum/.sdkman/candidates/java/current, TERM=xterm-256color, LANG=en_US.UTF-8, GRADLE_HOME=/usr/local/Cellar/gradle/4.9, ITERM_SESSION_ID=w0t0p0:6CAE9F42-BE4B-4759-BDFC-81CCBF2C4272, COLORTERM=truecolor, SDKMAN_DIR=/Users/nisum/.sdkman, LOGNAME=nisum, XPC_SERVICE_NAME=0, PWD=/Users/nisum/Workspace/newsletter, TERM_PROGRAM_VERSION=3.2.0, SDKMAN_CANDIDATES_DIR=/Users/nisum/.sdkman/candidates, NVM_CD_FLAGS=, NVM_DIR=/Users/nisum/.nvm, SHELL=/bin/bash, TERM_PROGRAM=iTerm.app, SDKMAN_CANDIDATES_API=https://api.sdkman.io/2, SDKMAN_PLATFORM=Darwin, OLDPWD=/Users/nisum/Workspace/newsletter, USER=nisum, JAVA_MAIN_CLASS_89846=worker.org.gradle.process.internal.worker.GradleWorkerMain, ITERM_PROFILE=Default, TMPDIR=/var/folders/mk/hwqww2zx01q65v0k_s8h7zb00000gn/T/, SSH_AUTH_SOCK=/private/tmp/com.apple.launchd.Akjv3668TZ/Listeners, XPC_FLAGS=0x0, TERM_SESSION_ID=w0t0p0:6CAE9F42-BE4B-4759-BDFC-81CCBF2C4272, __CF_USER_TEXT_ENCODING=0x1F5:0x0:0x0, APP_NAME_89832=Gradle, Apple_PubSub_Socket_Render=/private/tmp/com.apple.launchd.MYpgymK0Hh/Render, COLORFGBG=7;0, NVM_BIN=/Users/nisum/.nvm/versions/node/v6.11.1/bin, SHLVL=1, HOME=/Users/nisum}}]
16:49:18.572 [Test worker] DEBUG org.springframework.test.context.support.TestPropertySourceUtils - Adding inlined properties to environment: {spring.jmx.enabled=false, org.springframework.boot.test.context.SpringBootTestContextBootstrapper=true, server.port=-1}
16:49:18.574 [Test worker] DEBUG org.springframework.core.env.StandardEnvironment - Adding PropertySource 'Inlined Test Properties' with highest search precedence

  .   ____          _            __ _ _
 /\\ / ___'_ __ _ _(_)_ __  __ _ \ \ \ \
( ( )\___ | '_ | '_| | '_ \/ _` | \ \ \ \
 \\/  ___)| |_)| | | | | || (_| |  ) ) ) )
  '  |____| .__|_| |_|_| |_\__, | / / / /
 =========|_|==============|___/=/_/_/_/
 :: Spring Boot ::        (v2.0.4.RELEASE)

2018-09-12 16:49:19.207  INFO 89846 --- [    Test worker] c.newsletter.NewsletterApplicationTests  : Starting NewsletterApplicationTests on Nisums-MacBook-Pro.local with PID 89846 (started by nisum in /Users/nisum/Workspace/newsletter)
2018-09-12 16:49:19.210  INFO 89846 --- [    Test worker] c.newsletter.NewsletterApplicationTests  : No active profile set, falling back to default profiles: default
2018-09-12 16:49:19.375  INFO 89846 --- [    Test worker] o.s.w.c.s.GenericWebApplicationContext   : Refreshing org.springframework.web.context.support.GenericWebApplicationContext@43a1c6ff: startup date [Wed Sep 12 16:49:19 IST 2018]; root of context hierarchy
2018-09-12 16:49:22.315  INFO 89846 --- [    Test worker] trationDelegate$BeanPostProcessorChecker : Bean 'org.springframework.hateoas.config.HateoasConfiguration' of type [org.springframework.hateoas.config.HateoasConfiguration$$EnhancerBySpringCGLIB$$61a77ab3] is not eligible for getting processed by all BeanPostProcessors (for example: not eligible for auto-proxying)
2018-09-12 16:49:23.101  INFO 89846 --- [    Test worker] org.mongodb.driver.cluster               : Cluster created with settings {hosts=[localhost:27017], mode=MULTIPLE, requiredClusterType=UNKNOWN, serverSelectionTimeout='30000 ms', maxWaitQueueSize=500}
2018-09-12 16:49:23.101  INFO 89846 --- [    Test worker] org.mongodb.driver.cluster               : Adding discovered server localhost:27017 to client view of cluster
2018-09-12 16:49:23.255  INFO 89846 --- [localhost:27017] org.mongodb.driver.connection            : Opened connection [connectionId{localValue:1, serverValue:150}] to localhost:27017
2018-09-12 16:49:23.267  INFO 89846 --- [localhost:27017] org.mongodb.driver.cluster               : Monitor thread successfully connected to server with description ServerDescription{address=localhost:27017, type=STANDALONE, state=CONNECTED, ok=true, version=ServerVersion{versionList=[4, 0, 1]}, minWireVersion=0, maxWireVersion=7, maxDocumentSize=16777216, logicalSessionTimeoutMinutes=30, roundTripTimeNanos=7390776}
2018-09-12 16:49:23.269  INFO 89846 --- [localhost:27017] org.mongodb.driver.cluster               : Discovered cluster type of STANDALONE
2018-09-12 16:49:23.694  INFO 89846 --- [    Test worker] org.mongodb.driver.connection            : Opened connection [connectionId{localValue:2, serverValue:151}] to localhost:27017
2018-09-12 16:49:25.076  INFO 89846 --- [    Test worker] s.w.s.m.m.a.RequestMappingHandlerMapping : Mapped "{[/employee/create],methods=[POST]}" onto public org.springframework.http.ResponseEntity<?> com.newsletter.controller.EmployeeController.createEmployee(com.newsletter.domain.Employee)
2018-09-12 16:49:25.077  INFO 89846 --- [    Test worker] s.w.s.m.m.a.RequestMappingHandlerMapping : Mapped "{[/employee/update],methods=[PUT]}" onto public org.springframework.http.ResponseEntity<?> com.newsletter.controller.EmployeeController.updateEmployee(com.newsletter.domain.Employee)
2018-09-12 16:49:25.078  INFO 89846 --- [    Test worker] s.w.s.m.m.a.RequestMappingHandlerMapping : Mapped "{[/employee/delete/{empId}],methods=[DELETE]}" onto public org.springframework.http.ResponseEntity<?> com.newsletter.controller.EmployeeController.deleteEmployee(java.lang.String)
2018-09-12 16:49:25.079  INFO 89846 --- [    Test worker] s.w.s.m.m.a.RequestMappingHandlerMapping : Mapped "{[/employee/all],methods=[GET]}" onto public org.springframework.http.ResponseEntity<?> com.newsletter.controller.EmployeeController.getAllEmployees()
2018-09-12 16:49:25.080  INFO 89846 --- [    Test worker] s.w.s.m.m.a.RequestMappingHandlerMapping : Mapped "{[/employee/{empId}],methods=[GET]}" onto public org.springframework.http.ResponseEntity<?> com.newsletter.controller.EmployeeController.getEmployeeById(java.lang.String)
2018-09-12 16:49:25.082  INFO 89846 --- [    Test worker] s.w.s.m.m.a.RequestMappingHandlerMapping : Mapped "{[/newsletter/send],methods=[POST]}" onto public org.springframework.http.ResponseEntity<?> com.newsletter.controller.NewsLetterController.sendNewsLetter(com.newsletter.domain.NewsLetter)
2018-09-12 16:49:25.084  INFO 89846 --- [    Test worker] s.w.s.m.m.a.RequestMappingHandlerMapping : Mapped "{[/v2/api-docs],methods=[GET]}" onto public org.springframework.http.ResponseEntity<springfox.documentation.spring.web.json.Json> springfox.documentation.swagger2.web.Swagger2Controller.getDocumentation(java.lang.String)
2018-09-12 16:49:25.088  INFO 89846 --- [    Test worker] s.w.s.m.m.a.RequestMappingHandlerMapping : Mapped "{[/swagger-resources]}" onto org.springframework.http.ResponseEntity<java.util.List<springfox.documentation.swagger.web.SwaggerResource>> springfox.documentation.swagger.web.ApiResourceController.swaggerResources()
2018-09-12 16:49:25.099  INFO 89846 --- [    Test worker] s.w.s.m.m.a.RequestMappingHandlerMapping : Mapped "{[/error]}" onto public org.springframework.http.ResponseEntity<java.util.Map<java.lang.String, java.lang.Object>> org.springframework.boot.autoconfigure.web.servlet.error.BasicErrorController.error(javax.servlet.http.HttpServletRequest)
2018-09-12 16:49:25.100  INFO 89846 --- [    Test worker] s.w.s.m.m.a.RequestMappingHandlerMapping : Mapped "{[/error],produces=[text/html]}" onto public org.springframework.web.servlet.ModelAndView org.springframework.boot.autoconfigure.web.servlet.error.BasicErrorController.errorHtml(javax.servlet.http.HttpServletRequest,javax.servlet.http.HttpServletResponse)
2018-09-12 16:49:25.825  INFO 89846 --- [    Test worker] o.s.w.s.handler.SimpleUrlHandlerMapping  : Mapped URL path [/**/favicon.ico] onto handler of type [class org.springframework.web.servlet.resource.ResourceHttpRequestHandler]
2018-09-12 16:49:26.241  INFO 89846 --- [    Test worker] s.w.s.m.m.a.RequestMappingHandlerAdapter : Looking for @ControllerAdvice: org.springframework.web.context.support.GenericWebApplicationContext@43a1c6ff: startup date [Wed Sep 12 16:49:19 IST 2018]; root of context hierarchy
2018-09-12 16:49:26.347  INFO 89846 --- [    Test worker] o.s.w.s.handler.SimpleUrlHandlerMapping  : Mapped URL path [/webjars/**] onto handler of type [class org.springframework.web.servlet.resource.ResourceHttpRequestHandler]
2018-09-12 16:49:26.348  INFO 89846 --- [    Test worker] o.s.w.s.handler.SimpleUrlHandlerMapping  : Mapped URL path [/**] onto handler of type [class org.springframework.web.servlet.resource.ResourceHttpRequestHandler]
2018-09-12 16:49:26.884  INFO 89846 --- [    Test worker] s.a.ScheduledAnnotationBeanPostProcessor : No TaskScheduler/ScheduledExecutorService bean found for scheduled processing
2018-09-12 16:49:26.896  INFO 89846 --- [    Test worker] d.s.w.p.DocumentationPluginsBootstrapper : Context refreshed
2018-09-12 16:49:26.931  INFO 89846 --- [    Test worker] d.s.w.p.DocumentationPluginsBootstrapper : Found {0} custom documentation plugin(s)
2018-09-12 16:49:26.947  INFO 89846 --- [    Test worker] s.d.s.w.s.ApiListingReferenceScanner     : Scanning for api listing references
2018-09-12 16:49:26.959  INFO 89846 --- [    Test worker] s.w.ClassOrApiAnnotationResourceGrouping : Group for method createEmployee was employee-controller
2018-09-12 16:49:26.961  INFO 89846 --- [    Test worker] s.d.s.w.s.ApiListingReferenceScanner     : Request mapping: createEmployee belongs to groups: [[ResourceGroup{groupName='employee-controller', position=0, controller=com.newsletter.controller.EmployeeController}]] 
2018-09-12 16:49:26.963  INFO 89846 --- [    Test worker] s.w.ClassOrApiAnnotationResourceGrouping : Group for method updateEmployee was employee-controller
2018-09-12 16:49:26.963  INFO 89846 --- [    Test worker] s.d.s.w.s.ApiListingReferenceScanner     : Request mapping: updateEmployee belongs to groups: [[ResourceGroup{groupName='employee-controller', position=0, controller=com.newsletter.controller.EmployeeController}]] 
2018-09-12 16:49:26.964  INFO 89846 --- [    Test worker] s.w.ClassOrApiAnnotationResourceGrouping : Group for method deleteEmployee was employee-controller
2018-09-12 16:49:26.965  INFO 89846 --- [    Test worker] s.d.s.w.s.ApiListingReferenceScanner     : Request mapping: deleteEmployee belongs to groups: [[ResourceGroup{groupName='employee-controller', position=0, controller=com.newsletter.controller.EmployeeController}]] 
2018-09-12 16:49:26.966  INFO 89846 --- [    Test worker] s.w.ClassOrApiAnnotationResourceGrouping : Group for method getAllEmployees was employee-controller
2018-09-12 16:49:26.966  INFO 89846 --- [    Test worker] s.d.s.w.s.ApiListingReferenceScanner     : Request mapping: getAllEmployees belongs to groups: [[ResourceGroup{groupName='employee-controller', position=0, controller=com.newsletter.controller.EmployeeController}]] 
2018-09-12 16:49:26.967  INFO 89846 --- [    Test worker] s.w.ClassOrApiAnnotationResourceGrouping : Group for method getEmployeeById was employee-controller
2018-09-12 16:49:26.968  INFO 89846 --- [    Test worker] s.d.s.w.s.ApiListingReferenceScanner     : Request mapping: getEmployeeById belongs to groups: [[ResourceGroup{groupName='employee-controller', position=0, controller=com.newsletter.controller.EmployeeController}]] 
2018-09-12 16:49:26.969  INFO 89846 --- [    Test worker] s.w.ClassOrApiAnnotationResourceGrouping : Group for method sendNewsLetter was news-letter-controller
2018-09-12 16:49:26.971  INFO 89846 --- [    Test worker] s.d.s.w.s.ApiListingReferenceScanner     : Request mapping: sendNewsLetter belongs to groups: [[ResourceGroup{groupName='news-letter-controller', position=0, controller=com.newsletter.controller.NewsLetterController}]] 
2018-09-12 16:49:26.972  INFO 89846 --- [    Test worker] s.w.ClassOrApiAnnotationResourceGrouping : Group for method error was basic-error-controller
2018-09-12 16:49:26.972  INFO 89846 --- [    Test worker] s.d.s.w.s.ApiListingReferenceScanner     : Request mapping: error belongs to groups: [[ResourceGroup{groupName='basic-error-controller', position=0, controller=org.springframework.boot.autoconfigure.web.servlet.error.BasicErrorController}]] 
2018-09-12 16:49:26.973  INFO 89846 --- [    Test worker] s.w.ClassOrApiAnnotationResourceGrouping : Group for method errorHtml was basic-error-controller
2018-09-12 16:49:26.976  INFO 89846 --- [    Test worker] s.d.s.w.s.ApiListingReferenceScanner     : Request mapping: errorHtml belongs to groups: [[ResourceGroup{groupName='basic-error-controller', position=0, controller=org.springframework.boot.autoconfigure.web.servlet.error.BasicErrorController}]] 
2018-09-12 16:49:26.982  INFO 89846 --- [    Test worker] s.d.s.w.s.ApiListingReferenceScanner     : Created resource listing Path: /default/news-letter-controller Description: news-letter-controller Position: 0
2018-09-12 16:49:26.984  INFO 89846 --- [    Test worker] s.d.s.w.s.ApiListingReferenceScanner     : Created resource listing Path: /default/basic-error-controller Description: basic-error-controller Position: 0
2018-09-12 16:49:26.985  INFO 89846 --- [    Test worker] s.d.s.w.s.ApiListingReferenceScanner     : Created resource listing Path: /default/employee-controller Description: employee-controller Position: 0
2018-09-12 16:49:27.177  INFO 89846 --- [    Test worker] s.w.ClassOrApiAnnotationResourceGrouping : Group for method sendNewsLetter was news-letter-controller
2018-09-12 16:49:27.213  INFO 89846 --- [    Test worker] s.w.ClassOrApiAnnotationResourceGrouping : Group for method error was basic-error-controller
2018-09-12 16:49:27.216  INFO 89846 --- [    Test worker] s.w.ClassOrApiAnnotationResourceGrouping : Group for method error was basic-error-controller
2018-09-12 16:49:27.219  INFO 89846 --- [    Test worker] s.w.ClassOrApiAnnotationResourceGrouping : Group for method error was basic-error-controller
2018-09-12 16:49:27.222  INFO 89846 --- [    Test worker] s.w.ClassOrApiAnnotationResourceGrouping : Group for method error was basic-error-controller
2018-09-12 16:49:27.224  INFO 89846 --- [    Test worker] s.w.ClassOrApiAnnotationResourceGrouping : Group for method error was basic-error-controller
2018-09-12 16:49:27.228  INFO 89846 --- [    Test worker] s.w.ClassOrApiAnnotationResourceGrouping : Group for method error was basic-error-controller
2018-09-12 16:49:27.231  INFO 89846 --- [    Test worker] s.w.ClassOrApiAnnotationResourceGrouping : Group for method error was basic-error-controller
2018-09-12 16:49:27.234  INFO 89846 --- [    Test worker] s.w.ClassOrApiAnnotationResourceGrouping : Group for method error was basic-error-controller
2018-09-12 16:49:27.277  INFO 89846 --- [    Test worker] s.w.ClassOrApiAnnotationResourceGrouping : Group for method errorHtml was basic-error-controller
2018-09-12 16:49:27.280  INFO 89846 --- [    Test worker] s.w.ClassOrApiAnnotationResourceGrouping : Group for method errorHtml was basic-error-controller
2018-09-12 16:49:27.286  INFO 89846 --- [    Test worker] s.w.ClassOrApiAnnotationResourceGrouping : Group for method errorHtml was basic-error-controller
2018-09-12 16:49:27.288  INFO 89846 --- [    Test worker] s.w.ClassOrApiAnnotationResourceGrouping : Group for method errorHtml was basic-error-controller
2018-09-12 16:49:27.291  INFO 89846 --- [    Test worker] s.w.ClassOrApiAnnotationResourceGrouping : Group for method errorHtml was basic-error-controller
2018-09-12 16:49:27.293  INFO 89846 --- [    Test worker] s.w.ClassOrApiAnnotationResourceGrouping : Group for method errorHtml was basic-error-controller
2018-09-12 16:49:27.296  INFO 89846 --- [    Test worker] s.w.ClassOrApiAnnotationResourceGrouping : Group for method errorHtml was basic-error-controller
2018-09-12 16:49:27.298  INFO 89846 --- [    Test worker] s.w.ClassOrApiAnnotationResourceGrouping : Group for method errorHtml was basic-error-controller
2018-09-12 16:49:27.551  INFO 89846 --- [    Test worker] s.w.ClassOrApiAnnotationResourceGrouping : Group for method createEmployee was employee-controller
2018-09-12 16:49:27.773  INFO 89846 --- [    Test worker] s.w.ClassOrApiAnnotationResourceGrouping : Group for method updateEmployee was employee-controller
2018-09-12 16:49:27.782  INFO 89846 --- [    Test worker] s.w.ClassOrApiAnnotationResourceGrouping : Group for method deleteEmployee was employee-controller
2018-09-12 16:49:27.805  INFO 89846 --- [    Test worker] s.w.ClassOrApiAnnotationResourceGrouping : Group for method getAllEmployees was employee-controller
2018-09-12 16:49:27.817  INFO 89846 --- [    Test worker] s.w.ClassOrApiAnnotationResourceGrouping : Group for method getEmployeeById was employee-controller
2018-09-12 16:49:27.875  INFO 89846 --- [    Test worker] c.newsletter.NewsletterApplicationTests  : Started NewsletterApplicationTests in 9.24 seconds (JVM running for 11.411)
]]></system-out>
  <system-err><![CDATA[]]></system-err>
</testsuite>
